<?xml version="1.0" encoding="UTF-8"?>
<!-- Generated by org.testng.reporters.JUnitXMLReporter -->
<testsuite ignored="2" hostname="Priyanka" failures="0" tests="3" name="DefaultTest" time="0.061" errors="0" timestamp="2025-07-30T08:23:11 IST">
  <testcase classname="com.WebTesting.TestNG.Basics.TestDemo4_disbaleTest" name="registerTest" time="0.009"/>
  <testcase classname="com.WebTesting.TestNG.Basics.TestDemo4_disbaleTest" name="loginTest" time="0.002"/>
  <testcase classname="com.WebTesting.TestNG.Basics.TestDemo4_disbaleTest" name="addTocartTest" time="0.001"/>
  <testcase classname="com.WebTesting.TestNG.Basics.TestDemo4_disbaleTest" name="searchTest" time="0.0">
    <ignored/>
  </testcase> <!-- searchTest -->
  <testcase classname="com.WebTesting.TestNG.Basics.TestDemo4_disbaleTest" name="logoutTest" time="0.0">
    <ignored/>
  </testcase> <!-- logoutTest -->
</testsuite> <!-- DefaultTest -->
