<?xml version="1.0" encoding="UTF-8"?>
<!-- Generated by org.testng.reporters.JUnitXMLReporter -->
<testsuite ignored="0" hostname="Priyanka" failures="0" tests="2" name="Default test" time="0.061" errors="0" timestamp="2025-07-03T08:20:11 IST">
  <testcase classname="com.WebTesting.DropdownAutomation.S23_SampleTestForTestNG" name="testCase1" time="0.015"/>
  <testcase classname="com.WebTesting.DropdownAutomation.S23_SampleTestForTestNG" name="testCase2" time="0.001"/>
</testsuite> <!-- Default test -->
