<?xml version="1.0" encoding="UTF-8"?>
<!-- Generated by org.testng.reporters.JUnitXMLReporter -->
<testsuite ignored="0" hostname="Priyanka" failures="0" tests="7" name="FirefoxTest" time="13.419" errors="0" timestamp="2025-08-22T07:55:28 IST">
  <testcase classname="com.SwagLab.UITest.TestCases.T1_LoginTest" name="varifyUrl" time="0.015"/>
  <testcase classname="com.SwagLab.UITest.TestCases.T2_InventoryTest" name="verifyProductCount" time="0.018"/>
  <testcase classname="com.SwagLab.UITest.TestCases.T1_LoginTest" name="varifyTitle" time="0.011"/>
  <testcase classname="com.SwagLab.UITest.TestCases.T2_InventoryTest" name="verifyProductDetails" time="0.179"/>
  <testcase classname="com.SwagLab.UITest.TestCases.T2_InventoryTest" name="validateAddToCart" time="0.316"/>
  <testcase classname="com.SwagLab.UITest.TestCases.T1_LoginTest" name="validateLoginFunctionality" time="0.467"/>
  <testcase classname="com.SwagLab.UITest.TestCases.T2_InventoryTest" name="verifyCartPageLaunch" time="0.105"/>
</testsuite> <!-- FirefoxTest -->
