<?xml version="1.0" encoding="UTF-8"?>
<!-- Generated by org.testng.reporters.JUnitXMLReporter -->
<testsuite ignored="0" hostname="Priyanka" failures="0" tests="14" name="LoginTest" time="46.787" errors="0" timestamp="2025-09-16T08:21:43 IST">
  <testcase classname="com.SwagLab.UITest.TestCases.T1_LoginTest" name="varifyUrl" time="0.017"/>
  <testcase classname="com.SwagLab.UITest.TestCases.T1_LoginTest" name="varifyTitle" time="0.009"/>
  <testcase classname="com.SwagLab.UITest.TestCases.T1_LoginTest" name="validateLoginFunctionality" time="1.468"/>
  <testcase classname="com.SwagLab.UITest.TestCases.T2_InventoryTest" name="verifyProductCount" time="0.023"/>
  <testcase classname="com.SwagLab.UITest.TestCases.T2_InventoryTest" name="verifyProductDetails" time="0.116"/>
  <testcase classname="com.SwagLab.UITest.TestCases.T2_InventoryTest" name="validateAddToCart" time="0.195"/>
  <testcase classname="com.SwagLab.UITest.TestCases.T2_InventoryTest" name="verifyCartPageLaunch" time="0.065"/>
  <testcase classname="com.SwagLab.UITest.TestCases.T3_CartTest" name="varifyTotalProductsInCart" time="0.052"/>
  <testcase classname="com.SwagLab.UITest.TestCases.T3_CartTest" name="validateRemoveProduct" time="0.142"/>
  <testcase classname="com.SwagLab.UITest.TestCases.T3_CartTest" name="validateContinueShopping" time="0.266"/>
  <testcase classname="com.SwagLab.UITest.TestCases.T3_CartTest" name="validateContinueCheckOut" time="0.069"/>
  <testcase classname="com.SwagLab.UITest.TestCases.T4_CheckoutTest" name="validateCheckout" time="1.449"/>
  <testcase classname="com.SwagLab.UITest.TestCases.T5_OverviewTest" name="verifyPayment" time="0.077"/>
  <testcase classname="com.SwagLab.UITest.TestCases.T5_OverviewTest" name="validateChekout" time="0.09"/>
</testsuite> <!-- LoginTest -->
