<?xml version="1.0" encoding="UTF-8"?>
<!-- Generated by org.testng.reporters.JUnitXMLReporter -->
<testsuite ignored="1" hostname="Priyanka" failures="0" tests="4" name="Test" time="0.062" errors="0" timestamp="2025-07-30T08:18:09 IST">
  <testcase classname="com.WebTesting.TestNG.Basics.TestDemo4_disbaleTest" name="registerTest" time="0.007"/>
  <testcase classname="com.WebTesting.TestNG.Basics.TestDemo4_disbaleTest" name="loginTest" time="0.001"/>
  <testcase classname="com.WebTesting.TestNG.Basics.TestDemo4_disbaleTest" name="searchTest" time="0.001"/>
  <testcase classname="com.WebTesting.TestNG.Basics.TestDemo4_disbaleTest" name="addTocartTest" time="0.004"/>
  <testcase classname="com.WebTesting.TestNG.Basics.TestDemo4_disbaleTest" name="logoutTest" time="0.0">
    <ignored/>
  </testcase> <!-- logoutTest -->
</testsuite> <!-- Test -->
