<?xml version="1.0" encoding="UTF-8"?>
<!-- Generated by org.testng.reporters.JUnitXMLReporter -->
<testsuite ignored="0" hostname="Priyanka" failures="0" tests="3" name="Test2" time="0.011" errors="0" timestamp="2025-08-05T07:53:12 IST">
  <testcase classname="com.WebTesting.TestNG.Annotations.ClassB" name="testCase1" time="0.0"/>
  <testcase classname="com.WebTesting.TestNG.Annotations.ClassB" name="testCase2" time="0.001"/>
  <testcase classname="com.WebTesting.TestNG.Annotations.ClassB" name="testCase3" time="0.002"/>
</testsuite> <!-- Test2 -->
