<?xml version="1.0" encoding="UTF-8"?>
<!-- Generated by org.testng.reporters.JUnitXMLReporter -->
<testsuite ignored="0" hostname="Priyanka" failures="0" tests="4" name="Test" time="2.697" errors="0" timestamp="2025-08-22T08:45:40 IST">
  <testcase classname="com.SwagLab.UITest.TestCases.T3_CartTest" name="varifyTotalProductsInCart" time="0.041"/>
  <testcase classname="com.SwagLab.UITest.TestCases.T3_CartTest" name="validateRemoveProduct" time="0.069"/>
  <testcase classname="com.SwagLab.UITest.TestCases.T3_CartTest" name="validateContinueShopping" time="0.286"/>
  <testcase classname="com.SwagLab.UITest.TestCases.T3_CartTest" name="validateContinueCheckOut" time="0.066"/>
</testsuite> <!-- Test -->
