<?xml version="1.0" encoding="UTF-8"?>
<!-- Generated by org.testng.reporters.JUnitXMLReporter -->
<testsuite ignored="1" hostname="Priyanka" failures="0" tests="7" name="Test1" time="2.074" errors="0" timestamp="2025-08-21T08:42:09 IST">
  <testcase classname="com.SwagLab.UITest.TestCases.T2_InventoryTest" name="@BeforeClass pageSetup" time="0.002">
    <failure type="java.lang.NullPointerException" message="Cannot invoke &amp;quot;com.SwagLab.UITest.Pages.P1_LoginPage.doLogin(String, String)&amp;quot; because &amp;quot;this.lp&amp;quot; is null">
      <![CDATA[java.lang.NullPointerException: Cannot invoke "com.SwagLab.UITest.Pages.P1_LoginPage.doLogin(String, String)" because "this.lp" is null
at com.SwagLab.UITest.TestCases.T2_InventoryTest.pageSetup(T2_InventoryTest.java:15)
at java.base/java.util.ArrayList.forEach(ArrayList.java:1596)
at java.base/java.util.concurrent.FutureTask.run(FutureTask.java:317)
at java.base/java.util.concurrent.ThreadPoolExecutor.runWorker(ThreadPoolExecutor.java:1144)
at java.base/java.util.concurrent.ThreadPoolExecutor$Worker.run(ThreadPoolExecutor.java:642)
at java.base/java.lang.Thread.run(Thread.java:1583)
... Removed 13 stack frames]]>
    </failure>
  </testcase> <!-- @BeforeClass pageSetup -->
  <testcase classname="com.SwagLab.UITest.TestCases.T1_LoginTest" name="varifyUrl" time="0.019"/>
  <testcase classname="com.SwagLab.UITest.TestCases.T2_InventoryTest" name="verifyProductCount" time="0.0">
    <skipped/>
  </testcase> <!-- verifyProductCount -->
  <testcase classname="com.SwagLab.UITest.TestCases.T1_LoginTest" name="varifyTitle" time="0.012"/>
  <testcase classname="com.SwagLab.UITest.TestCases.T2_InventoryTest" name="verifyProductDetails" time="0.0">
    <skipped/>
  </testcase> <!-- verifyProductDetails -->
  <testcase classname="com.SwagLab.UITest.TestCases.T2_InventoryTest" name="validateAddToCart" time="0.0">
    <skipped/>
  </testcase> <!-- validateAddToCart -->
  <testcase classname="com.SwagLab.UITest.TestCases.T1_LoginTest" name="validateLoginFunctionality" time="0.364"/>
  <testcase classname="com.SwagLab.UITest.TestCases.T2_InventoryTest" name="verifyCartPageLaunch" time="0.0">
    <skipped/>
  </testcase> <!-- verifyCartPageLaunch -->
  <testcase classname="com.SwagLab.UITest.Base.BaseClass" name="@BeforeTest setUp" time="0.0">
    <ignored/>
  </testcase> <!-- @BeforeTest setUp -->
</testsuite> <!-- Test1 -->
