<?xml version="1.0" encoding="UTF-8"?>
<!-- Generated by org.testng.reporters.JUnitXMLReporter -->
<testsuite ignored="0" hostname="Priyanka" failures="0" tests="14" name="LoginTest" time="40.738" errors="0" timestamp="2025-08-26T08:26:41 IST">
  <testcase classname="com.SwagLab.UITest.TestCases.T1_LoginTest" name="varifyUrl" time="0.014"/>
  <testcase classname="com.SwagLab.UITest.TestCases.T1_LoginTest" name="varifyTitle" time="0.009"/>
  <testcase classname="com.SwagLab.UITest.TestCases.T1_LoginTest" name="validateLoginFunctionality" time="1.501"/>
  <testcase classname="com.SwagLab.UITest.TestCases.T2_InventoryTest" name="verifyProductCount" time="0.022"/>
  <testcase classname="com.SwagLab.UITest.TestCases.T2_InventoryTest" name="verifyProductDetails" time="0.129"/>
  <testcase classname="com.SwagLab.UITest.TestCases.T2_InventoryTest" name="validateAddToCart" time="0.284"/>
  <testcase classname="com.SwagLab.UITest.TestCases.T2_InventoryTest" name="verifyCartPageLaunch" time="0.09"/>
  <testcase classname="com.SwagLab.UITest.TestCases.T3_CartTest" name="varifyTotalProductsInCart" time="0.068"/>
  <testcase classname="com.SwagLab.UITest.TestCases.T3_CartTest" name="validateRemoveProduct" time="0.11"/>
  <testcase classname="com.SwagLab.UITest.TestCases.T3_CartTest" name="validateContinueShopping" time="0.401"/>
  <testcase classname="com.SwagLab.UITest.TestCases.T3_CartTest" name="validateContinueCheckOut" time="0.103"/>
  <testcase classname="com.SwagLab.UITest.TestCases.T4_CheckoutTest" name="validateCheckout" time="1.504"/>
  <testcase classname="com.SwagLab.UITest.TestCases.T5_OverviewTest" name="verifyPayment" time="0.101"/>
  <testcase classname="com.SwagLab.UITest.TestCases.T5_OverviewTest" name="validateChekout" time="0.108"/>
</testsuite> <!-- LoginTest -->
