<?xml version="1.0" encoding="UTF-8"?>
<!-- Generated by org.testng.reporters.JUnitXMLReporter -->
<testsuite ignored="2" hostname="Priyanka" failures="4" tests="6" name="Test(failed)" time="9.865" errors="0" timestamp="2025-08-04T08:00:12 IST">
  <testcase classname="com.WebTesting.TestNG.Basics.TestDemo7_timeouts" name="testCase2" time="5.019">
    <failure type="org.testng.internal.thread.ThreadTimeoutException" message="Method com.WebTesting.TestNG.Basics.TestDemo7_timeouts.testCase2() didn&amp;apos;t finish within the time-out 5000">
      <![CDATA[org.testng.internal.thread.ThreadTimeoutException: Method com.WebTesting.TestNG.Basics.TestDemo7_timeouts.testCase2() didn't finish within the time-out 5000
at java.base/java.lang.Thread.sleep0(Native Method)
at java.base/java.lang.Thread.sleep(Thread.java:509)
at com.WebTesting.TestNG.Basics.TestDemo7_timeouts.testCase2(TestDemo7_timeouts.java:20)
at java.base/java.util.concurrent.FutureTask.run(FutureTask.java:317)
at java.base/java.util.concurrent.ThreadPoolExecutor.runWorker(ThreadPoolExecutor.java:1144)
at java.base/java.util.concurrent.ThreadPoolExecutor$Worker.run(ThreadPoolExecutor.java:642)
at java.base/java.lang.Thread.run(Thread.java:1583)
... Removed 6 stack frames]]>
    </failure>
  </testcase> <!-- testCase2 -->
  <testcase classname="com.WebTesting.TestNG.Basics.TestDemo5_Assertion" name="testSoftAssertion" time="0.016">
    <failure type="java.lang.AssertionError" message="expected [true] but found [false]">
      <![CDATA[java.lang.AssertionError: expected [true] but found [false]
at com.WebTesting.TestNG.Basics.TestDemo5_Assertion.testSoftAssertion(TestDemo5_Assertion.java:39)
at java.base/java.util.ArrayList.forEach(ArrayList.java:1596)
... Removed 29 stack frames]]>
    </failure>
  </testcase> <!-- testSoftAssertion -->
  <testcase classname="com.WebTesting.TestNG.Basics.TestDemo8_dependsOnMathod" name="registerTest" time="0.001"/>
  <testcase classname="com.WebTesting.TestNG.Basics.TestDemo8_dependsOnMathod" name="loginTest" time="0.003">
    <failure type="java.lang.AssertionError" message="Fail as values not equal expected [true] but found [false]">
      <![CDATA[java.lang.AssertionError: Fail as values not equal expected [true] but found [false]
at com.WebTesting.TestNG.Basics.TestDemo8_dependsOnMathod.loginTest(TestDemo8_dependsOnMathod.java:21)
at java.base/java.util.ArrayList.forEach(ArrayList.java:1596)
... Removed 31 stack frames]]>
    </failure>
  </testcase> <!-- loginTest -->
  <testcase classname="com.WebTesting.TestNG.Basics.TestDemo8_dependsOnMathod" name="logoutTest" time="0.0">
    <skipped/>
  </testcase> <!-- logoutTest -->
  <testcase classname="com.WebTesting.TestNG.Basics.TestDemo6_HRMLoginValidation" name="testLogin" time="4.77">
    <failure type="java.lang.AssertionError" message="Login Fail expected [true] but found [false]">
      <![CDATA[java.lang.AssertionError: Login Fail expected [true] but found [false]
at com.WebTesting.TestNG.Basics.TestDemo6_HRMLoginValidation.testLogin(TestDemo6_HRMLoginValidation.java:37)
at java.base/java.util.ArrayList.forEach(ArrayList.java:1596)
... Removed 28 stack frames]]>
    </failure>
  </testcase> <!-- testLogin -->
  <testcase classname="com.WebTesting.TestNG.Basics.TestDemo5_Assertion" name="testHardAssertion" time="0.0">
    <ignored/>
  </testcase> <!-- testHardAssertion -->
  <testcase classname="com.WebTesting.TestNG.Basics.TestDemo7_timeouts" name="testCase1" time="0.0">
    <ignored/>
  </testcase> <!-- testCase1 -->
</testsuite> <!-- Test(failed) -->
