<?xml version="1.0" encoding="UTF-8"?>
<testsuite xmlns:xsi="http://www.w3.org/2001/XMLSchema-instance" xsi:noNamespaceSchemaLocation="https://maven.apache.org/surefire/maven-surefire-plugin/xsd/surefire-test-report.xsd" version="3.0.2" name="TestSuite" time="41.294" tests="14" errors="0" skipped="0" failures="0">
  <properties>
[...]
</properties>
  <testcase name="varifyUrl" classname="com.SwagLab.UITest.TestCases.T1_LoginTest" time="0.014">
    <system-out><![CDATA[Url Matched!
]]></system-out>
    <system-err><![CDATA[SLF4J(W): No SLF4J providers were found.
SLF4J(W): Defaulting to no-operation (NOP) logger implementation
SLF4J(W): See https://www.slf4j.org/codes.html#noProviders for further details.
]]></system-err>
  </testcase>
  <testcase name="varifyTitle" classname="com.SwagLab.UITest.TestCases.T1_LoginTest" time="0.01">
    <system-out><![CDATA[Title matched!
]]></system-out>
  </testcase>
  <testcase name="validateLoginFunctionality" classname="com.SwagLab.UITest.TestCases.T1_LoginTest" time="1.502">
    <system-out><![CDATA[2025-08-26T02:56:04.775850800Z main ERROR Log4j API could not find a logging provider.
Login Completed!
]]></system-out>
  </testcase>
  <testcase name="verifyProductCount" classname="com.SwagLab.UITest.TestCases.T2_InventoryTest" time="0.025">
    <system-out><![CDATA[Total Product count is matched: 6
]]></system-out>
  </testcase>
  <testcase name="verifyProductDetails" classname="com.SwagLab.UITest.TestCases.T2_InventoryTest" time="0.131">
    <system-out><![CDATA[***Product details are***
Sauce Labs Backpack
Sauce Labs Bike Light
Sauce Labs Bolt T-Shirt
Sauce Labs Fleece Jacket
Sauce Labs Onesie
Test.allTheThings() T-Shirt (Red)
]]></system-out>
  </testcase>
  <testcase name="validateAddToCart" classname="com.SwagLab.UITest.TestCases.T2_InventoryTest" time="0.284">
    <system-out><![CDATA[Product found: Sauce Labs Bike Light
]]></system-out>
  </testcase>
  <testcase name="verifyCartPageLaunch" classname="com.SwagLab.UITest.TestCases.T2_InventoryTest" time="0.091"/>
  <testcase name="varifyTotalProductsInCart" classname="com.SwagLab.UITest.TestCases.T3_CartTest" time="0.068">
    <system-out><![CDATA[Product found: Sauce Labs Bike Light
Total Products added inti Cart: 1
Sauce Labs Bike Light
]]></system-out>
  </testcase>
  <testcase name="validateRemoveProduct" classname="com.SwagLab.UITest.TestCases.T3_CartTest" time="0.108"/>
  <testcase name="validateContinueShopping" classname="com.SwagLab.UITest.TestCases.T3_CartTest" time="0.402">
    <system-out><![CDATA[Product found: Sauce Labs Backpack
]]></system-out>
  </testcase>
  <testcase name="validateContinueCheckOut" classname="com.SwagLab.UITest.TestCases.T3_CartTest" time="0.103"/>
  <testcase name="validateCheckout" classname="com.SwagLab.UITest.TestCases.T4_CheckoutTest" time="1.507">
    <system-out><![CDATA[Product found: Sauce Labs Backpack
First name : Priyanka lastname is: Nigade postl code is: "411047"
]]></system-out>
  </testcase>
  <testcase name="verifyPayment" classname="com.SwagLab.UITest.TestCases.T5_OverviewTest" time="0.102">
    <system-out><![CDATA[Product found: Sauce Labs Backpack
First name : Priyanka lastname is: Nigade postl code is: "411047"
----payment details are-----
Payment Information:
SauceCard #31337
Shipping Information:
Free Pony Express Delivery!
Price Total
Item total: $29.99
Tax: $2.40
Total: $32.39
]]></system-out>
  </testcase>
  <testcase name="validateChekout" classname="com.SwagLab.UITest.TestCases.T5_OverviewTest" time="0.109">
    <system-out><![CDATA[Process Completed!
]]></system-out>
  </testcase>
</testsuite>