<?xml version="1.0" encoding="UTF-8"?>
<testng-results ignored="0" total="2" passed="2" failed="0" skipped="0">
  <reporter-output>
  </reporter-output>
  <suite started-at="2025-09-08T08:05:56 IST" name="Suite" finished-at="2025-09-08T08:06:06 IST" duration-ms="10398">
    <groups>
    </groups>
    <test started-at="2025-09-08T08:05:56 IST" name="Test" finished-at="2025-09-08T08:06:06 IST" duration-ms="10398">
      <class name="com.SwagLab.UITest.TestCases.T5_OverviewTest">
        <test-method is-config="true" signature="setUp(java.lang.String)[pri:0, instance:com.SwagLab.UITest.TestCases.T5_OverviewTest@4ec4f3a0]" started-at="2025-09-08T08:05:56 IST" name="setUp" finished-at="2025-09-08T08:05:57 IST" duration-ms="1752" status="PASS">
          <params>
            <param index="0">
              <value>
                <![CDATA[edge]]>
              </value>
            </param>
          </params>
          <reporter-output>
          </reporter-output>
        </test-method> <!-- setUp -->
        <test-method is-config="true" signature="pageSetup()[pri:0, instance:com.SwagLab.UITest.TestCases.T5_OverviewTest@4ec4f3a0]" started-at="2025-09-08T08:05:57 IST" name="pageSetup" finished-at="2025-09-08T08:06:03 IST" duration-ms="5945" status="PASS">
          <reporter-output>
          </reporter-output>
        </test-method> <!-- pageSetup -->
        <test-method signature="verifyPayment()[pri:1, instance:com.SwagLab.UITest.TestCases.T5_OverviewTest@4ec4f3a0]" started-at="2025-09-08T08:06:03 IST" name="verifyPayment" finished-at="2025-09-08T08:06:04 IST" duration-ms="133" status="PASS">
          <reporter-output>
          </reporter-output>
        </test-method> <!-- verifyPayment -->
        <test-method is-config="true" signature="waitForTest()[pri:0, instance:com.SwagLab.UITest.TestCases.T5_OverviewTest@4ec4f3a0]" started-at="2025-09-08T08:06:04 IST" name="waitForTest" finished-at="2025-09-08T08:06:05 IST" duration-ms="1013" status="PASS">
          <reporter-output>
          </reporter-output>
        </test-method> <!-- waitForTest -->
        <test-method signature="validateChekout()[pri:2, instance:com.SwagLab.UITest.TestCases.T5_OverviewTest@4ec4f3a0]" started-at="2025-09-08T08:06:05 IST" name="validateChekout" finished-at="2025-09-08T08:06:05 IST" duration-ms="124" status="PASS">
          <reporter-output>
          </reporter-output>
        </test-method> <!-- validateChekout -->
        <test-method is-config="true" signature="waitForTest()[pri:0, instance:com.SwagLab.UITest.TestCases.T5_OverviewTest@4ec4f3a0]" started-at="2025-09-08T08:06:05 IST" name="waitForTest" finished-at="2025-09-08T08:06:06 IST" duration-ms="1010" status="PASS">
          <reporter-output>
          </reporter-output>
        </test-method> <!-- waitForTest -->
        <test-method is-config="true" signature="tearDown()[pri:0, instance:com.SwagLab.UITest.TestCases.T5_OverviewTest@4ec4f3a0]" started-at="2025-09-08T08:06:06 IST" name="tearDown" finished-at="2025-09-08T08:06:06 IST" duration-ms="372" status="PASS">
          <reporter-output>
          </reporter-output>
        </test-method> <!-- tearDown -->
      </class> <!-- com.SwagLab.UITest.TestCases.T5_OverviewTest -->
    </test> <!-- Test -->
  </suite> <!-- Suite -->
</testng-results>
