<?xml version="1.0" encoding="UTF-8"?>
<testng-results ignored="1" total="2" passed="1" failed="0" skipped="0">
  <reporter-output>
  </reporter-output>
  <suite started-at="2025-10-16T08:37:20 IST" name="Default suite" finished-at="2025-10-16T08:37:20 IST" duration-ms="219">
    <groups>
    </groups>
    <test started-at="2025-10-16T08:37:20 IST" name="Default test" finished-at="2025-10-16T08:37:20 IST" duration-ms="219">
      <class name="com.RestApiBasics.T11_Serialization_Deserialization">
        <test-method signature="testDeserialization()[pri:0, instance:com.RestApiBasics.T11_Serialization_Deserialization@4d5d943d]" started-at="2025-10-16T08:37:20 IST" name="testDeserialization" finished-at="2025-10-16T08:37:20 IST" duration-ms="174" status="PASS">
          <reporter-output>
          </reporter-output>
        </test-method> <!-- testDeserialization -->
      </class> <!-- com.RestApiBasics.T11_Serialization_Deserialization -->
    </test> <!-- Default test -->
  </suite> <!-- Default suite -->
</testng-results>
