<?xml version="1.0" encoding="UTF-8"?>
<!-- Generated by org.testng.reporters.JUnitReportReporter -->
<testsuite hostname="Priyanka" failures="0" tests="2" name="com.WebTesting.TestNG.Basics.TestDemo1_TestCases" time="0.013" errors="0" timestamp="2025-08-04T07:54:42 IST" skipped="0">
  <testcase classname="com.WebTesting.TestNG.Basics.TestDemo1_TestCases" name="testCase1" time="0.012"/>
  <testcase classname="com.WebTesting.TestNG.Basics.TestDemo1_TestCases" name="testCase2" time="0.001"/>
</testsuite> <!-- com.WebTesting.TestNG.Basics.TestDemo1_TestCases -->
