<?xml version="1.0" encoding="UTF-8"?>
<!-- Generated by org.testng.reporters.JUnitReportReporter -->
<testsuite hostname="Priyanka" failures="0" tests="2" name="com.RestApiBasics.T6_JsonPayloadWays" time="2.571" errors="0" timestamp="2025-10-10T08:22:35 IST" skipped="0">
  <testcase classname="com.RestApiBasics.T6_JsonPayloadWays" name="createPayloadUsigBasic" time="2.005"/>
  <testcase classname="com.RestApiBasics.T6_JsonPayloadWays" name="testPayloadUsingHashMap" time="0.566"/>
</testsuite> <!-- com.RestApiBasics.T6_JsonPayloadWays -->
