<?xml version="1.0" encoding="UTF-8"?>
<!-- Generated by org.testng.reporters.JUnitReportReporter -->
<testsuite hostname="Priyanka" failures="0" tests="2" name="com.WebTesting.TestNG.Annotations.HRMScenario" time="4.156" errors="0" timestamp="2025-08-05T07:30:50 IST" skipped="0">
  <testcase classname="com.WebTesting.TestNG.Annotations.HRMScenario" name="testLogin" time="2.163"/>
  <testcase classname="com.WebTesting.TestNG.Annotations.HRMScenario" name="testLogout" time="1.993"/>
</testsuite> <!-- com.WebTesting.TestNG.Annotations.HRMScenario -->
