<?xml version="1.0" encoding="UTF-8"?>
<!-- Generated by org.testng.reporters.JUnitReportReporter -->
<testsuite hostname="Priyanka" failures="0" tests="2" name="com.WebTesting.TestNG.Annotations.RealTimeUseOfAnnotation" time="1.000" errors="0" timestamp="2025-08-04T08:45:22 IST" skipped="0">
  <testcase classname="com.WebTesting.TestNG.Annotations.RealTimeUseOfAnnotation" name="testSignInLink" time="0.726"/>
  <testcase classname="com.WebTesting.TestNG.Annotations.RealTimeUseOfAnnotation" name="testLogin" time="0.274"/>
</testsuite> <!-- com.WebTesting.TestNG.Annotations.RealTimeUseOfAnnotation -->
