<?xml version="1.0" encoding="UTF-8"?>
<!-- Generated by org.testng.reporters.JUnitReportReporter -->
<testsuite hostname="Priyanka" failures="0" tests="2" name="com.WebTesting.TestNG.TestListener.TestListener" time="0.009" errors="0" timestamp="2025-09-15T08:04:43 IST" skipped="0">
  <testcase classname="com.WebTesting.TestNG.TestListener.TestListener" name="testCase1" time="0.008"/>
  <testcase classname="com.WebTesting.TestNG.TestListener.TestListener" name="testCase2" time="0.001"/>
</testsuite> <!-- com.WebTesting.TestNG.TestListener.TestListener -->
