<?xml version="1.0" encoding="UTF-8"?>
<!-- Generated by org.testng.reporters.JUnitReportReporter -->
<testsuite hostname="Priyanka" failures="0" tests="3" name="com.RemoteExecution.RemoteCrossBrowserTest" time="85.396" errors="0" timestamp="2025-09-11T08:22:28 IST" skipped="0">
  <testcase classname="com.RemoteExecution.RemoteCrossBrowserTest" name="testRemotely" time="29.515"/>
  <testcase classname="com.RemoteExecution.RemoteCrossBrowserTest" name="testRemotely" time="26.474"/>
  <testcase classname="com.RemoteExecution.RemoteCrossBrowserTest" name="testRemotely" time="29.407"/>
</testsuite> <!-- com.RemoteExecution.RemoteCrossBrowserTest -->
