<?xml version="1.0" encoding="UTF-8"?>
<!-- Generated by org.testng.reporters.JUnitReportReporter -->
<testsuite hostname="Priyanka" failures="0" tests="1" name="com.WebTesting.JavascriptExecutor.JavaScriptExecutor_BasicFeatures" time="12.171" errors="0" timestamp="2025-07-17T08:08:23 IST" skipped="0">
  <testcase classname="com.WebTesting.JavascriptExecutor.JavaScriptExecutor_BasicFeatures" name="testBasicFeatures" time="12.171"/>
</testsuite> <!-- com.WebTesting.JavascriptExecutor.JavaScriptExecutor_BasicFeatures -->
