<?xml version="1.0" encoding="UTF-8"?>
<!-- Generated by org.testng.reporters.JUnitReportReporter -->
<testsuite hostname="Priyanka" failures="0" tests="3" name="com.WebTesting.TestNG.ByLocatorPOM.LoginPageTest" time="1.059" errors="0" timestamp="2025-08-06T08:20:26 IST" skipped="0">
  <testcase classname="com.WebTesting.TestNG.ByLocatorPOM.LoginPageTest" name="validateURL" time="0.013"/>
  <testcase classname="com.WebTesting.TestNG.ByLocatorPOM.LoginPageTest" name="validateTitle" time="0.007"/>
  <testcase classname="com.WebTesting.TestNG.ByLocatorPOM.LoginPageTest" name="validateLogin" time="1.039"/>
</testsuite> <!-- com.WebTesting.TestNG.ByLocatorPOM.LoginPageTest -->
