<?xml version="1.0" encoding="UTF-8"?>
<!-- Generated by org.testng.reporters.JUnitReportReporter -->
<testsuite hostname="Priyanka" failures="0" tests="4" name="com.WebTesting.TestNG.Basics.TestDemo4_disbaleTest" time="0.013" errors="0" timestamp="2025-08-01T07:24:59 IST" skipped="1">
  <testcase classname="com.WebTesting.TestNG.Basics.TestDemo4_disbaleTest" name="registerTest" time="0.008"/>
  <testcase classname="com.WebTesting.TestNG.Basics.TestDemo4_disbaleTest" name="loginTest" time="0.002"/>
  <testcase classname="com.WebTesting.TestNG.Basics.TestDemo4_disbaleTest" name="addTocartTest" time="0.003"/>
  <testcase classname="com.WebTesting.TestNG.Basics.TestDemo4_disbaleTest" name="logoutTest">
    <skipped/>
  </testcase> <!-- logoutTest -->
</testsuite> <!-- com.WebTesting.TestNG.Basics.TestDemo4_disbaleTest -->
