<?xml version="1.0" encoding="UTF-8"?>
<!-- Generated by org.testng.reporters.JUnitReportReporter -->
<testsuite hostname="Priyanka" failures="0" tests="7" name="com.WebTesting.TestNG.Basics.TestDemo2_description_invocationCount" time="0.023" errors="0" timestamp="2025-07-30T08:05:54 IST" skipped="0">
  <testcase classname="com.WebTesting.TestNG.Basics.TestDemo2_description_invocationCount" name="registerTest" time="0.008"/>
  <testcase classname="com.WebTesting.TestNG.Basics.TestDemo2_description_invocationCount" name="loginTest" time="0.003"/>
  <testcase classname="com.WebTesting.TestNG.Basics.TestDemo2_description_invocationCount" name="loginTest" time="0.002"/>
  <testcase classname="com.WebTesting.TestNG.Basics.TestDemo2_description_invocationCount" name="loginTest" time="0.003"/>
  <testcase classname="com.WebTesting.TestNG.Basics.TestDemo2_description_invocationCount" name="searchTest" time="0.003"/>
  <testcase classname="com.WebTesting.TestNG.Basics.TestDemo2_description_invocationCount" name="addTocartTest" time="0.002"/>
  <testcase classname="com.WebTesting.TestNG.Basics.TestDemo2_description_invocationCount" name="logoutTest" time="0.002"/>
</testsuite> <!-- com.WebTesting.TestNG.Basics.TestDemo2_description_invocationCount -->
