<?xml version="1.0" encoding="UTF-8"?>
<!-- Generated by org.testng.reporters.JUnitReportReporter -->
<testsuite hostname="Priyanka" failures="0" tests="2" name="com.SwagLab.UITest.TestCases.T5_OverviewTest" time="2.160" errors="0" timestamp="2025-09-15T08:50:48 IST" skipped="0">
  <testcase classname="com.SwagLab.UITest.TestCases.T5_OverviewTest" name="verifyPayment" time="1.080"/>
  <testcase classname="com.SwagLab.UITest.TestCases.T5_OverviewTest" name="validateChekout" time="1.080"/>
</testsuite> <!-- com.SwagLab.UITest.TestCases.T5_OverviewTest -->
