<?xml version="1.0" encoding="UTF-8"?>
<!-- Generated by org.testng.reporters.JUnitReportReporter -->
<testsuite hostname="Priyanka" failures="0" tests="4" name="com.SwagLab.UITest.TestCases.T2_InventoryTest" time="4.409" errors="0" timestamp="2025-08-26T07:37:42 IST" skipped="0">
  <testcase classname="com.SwagLab.UITest.TestCases.T2_InventoryTest" name="verifyProductCount" time="1.029"/>
  <testcase classname="com.SwagLab.UITest.TestCases.T2_InventoryTest" name="verifyProductDetails" time="1.081"/>
  <testcase classname="com.SwagLab.UITest.TestCases.T2_InventoryTest" name="validateAddToCart" time="1.230"/>
  <testcase classname="com.SwagLab.UITest.TestCases.T2_InventoryTest" name="verifyCartPageLaunch" time="1.069"/>
</testsuite> <!-- com.SwagLab.UITest.TestCases.T2_InventoryTest -->
