<?xml version="1.0" encoding="UTF-8"?>
<!-- Generated by org.testng.reporters.JUnitReportReporter -->
<testsuite hostname="Priyanka" failures="0" tests="4" name="com.WebTesting.TestNG.DataDrivenTesting.DataDrivenTestDemo1" time="0.017" errors="0" timestamp="2025-08-14T07:43:16 IST" skipped="0">
  <testcase classname="com.WebTesting.TestNG.DataDrivenTesting.DataDrivenTestDemo1" name="testCase" time="0.002"/>
  <testcase classname="com.WebTesting.TestNG.DataDrivenTesting.DataDrivenTestDemo1" name="testCase" time="0.002"/>
  <testcase classname="com.WebTesting.TestNG.DataDrivenTesting.DataDrivenTestDemo1" name="testCase" time="0.011"/>
  <testcase classname="com.WebTesting.TestNG.DataDrivenTesting.DataDrivenTestDemo1" name="testCase" time="0.002"/>
</testsuite> <!-- com.WebTesting.TestNG.DataDrivenTesting.DataDrivenTestDemo1 -->
