<?xml version="1.0" encoding="UTF-8"?>
<!-- Generated by org.testng.reporters.JUnitReportReporter -->
<testsuite hostname="Priyanka" failures="0" tests="4" name="com.SwagLab.UITest.TestCases.T3_CartTest" time="5.280" errors="0" timestamp="2025-09-16T08:21:43 IST" skipped="0">
  <testcase classname="com.SwagLab.UITest.TestCases.T3_CartTest" name="varifyTotalProductsInCart" time="1.266"/>
  <testcase classname="com.SwagLab.UITest.TestCases.T3_CartTest" name="validateRemoveProduct" time="1.339"/>
  <testcase classname="com.SwagLab.UITest.TestCases.T3_CartTest" name="validateContinueShopping" time="1.429"/>
  <testcase classname="com.SwagLab.UITest.TestCases.T3_CartTest" name="validateContinueCheckOut" time="1.246"/>
</testsuite> <!-- com.SwagLab.UITest.TestCases.T3_CartTest -->
