<?xml version="1.0" encoding="UTF-8"?>
<!-- Generated by org.testng.reporters.JUnitReportReporter -->
<testsuite hostname="Priyanka" failures="0" tests="1" name="com.WebTesting.DropdownAutomation.S28_BootstrapDropdown_Redbus" time="2.518" errors="0" timestamp="2025-07-07T07:43:17 IST" skipped="0">
  <testcase classname="com.WebTesting.DropdownAutomation.S28_BootstrapDropdown_Redbus" name="testDropdown" time="2.518"/>
</testsuite> <!-- com.WebTesting.DropdownAutomation.S28_BootstrapDropdown_Redbus -->
