<?xml version="1.0" encoding="UTF-8"?>
<!-- Generated by org.testng.reporters.JUnitReportReporter -->
<testsuite hostname="Priyanka" failures="0" tests="5" name="com.WebTesting.TestNG.Basics.TestDemo4_disbaleTest" time="0.010" errors="0" timestamp="2025-07-30T08:24:58 IST" skipped="1">
  <testcase classname="com.WebTesting.TestNG.Basics.TestDemo4_disbaleTest" name="registerTest" time="0.008"/>
  <testcase classname="com.WebTesting.TestNG.Basics.TestDemo4_disbaleTest" name="loginTest" time="0.000"/>
  <testcase classname="com.WebTesting.TestNG.Basics.TestDemo4_disbaleTest" name="searchTest" time="0.002"/>
  <testcase classname="com.WebTesting.TestNG.Basics.TestDemo4_disbaleTest" name="addTocartTest" time="0.000"/>
  <testcase classname="com.WebTesting.TestNG.Basics.TestDemo4_disbaleTest" name="logoutTest">
    <skipped/>
  </testcase> <!-- logoutTest -->
</testsuite> <!-- com.WebTesting.TestNG.Basics.TestDemo4_disbaleTest -->
