<?xml version="1.0" encoding="UTF-8"?>
<!-- Generated by org.testng.reporters.JUnitReportReporter -->
<testsuite hostname="Priyanka" failures="0" tests="1" name="com.WebTesting.DropdownAutomation.S29_BootstrapDropdown_Goibibo" time="3.410" errors="0" timestamp="2025-07-07T07:55:56 IST" skipped="0">
  <testcase classname="com.WebTesting.DropdownAutomation.S29_BootstrapDropdown_Goibibo" name="testDropdown" time="3.410"/>
</testsuite> <!-- com.WebTesting.DropdownAutomation.S29_BootstrapDropdown_Goibibo -->
