<?xml version="1.0" encoding="UTF-8"?>
<!-- Generated by org.testng.reporters.JUnitReportReporter -->
<testsuite hostname="Priyanka" failures="0" tests="1" name="com.WebTesting.Webtable_DatePicker.S40_DynamicWebTableHandling" time="6.473" errors="0" timestamp="2025-07-15T08:25:45 IST" skipped="0">
  <testcase classname="com.WebTesting.Webtable_DatePicker.S40_DynamicWebTableHandling" name="testDynamicTable" time="6.473"/>
</testsuite> <!-- com.WebTesting.Webtable_DatePicker.S40_DynamicWebTableHandling -->
