<?xml version="1.0" encoding="UTF-8"?>
<!-- Generated by org.testng.reporters.JUnitReportReporter -->
<testsuite hostname="Priyanka" failures="0" tests="1" name="com.WebTesting.JavascriptExecutor.S45_JavascriptExecutor_Scroll" time="9.934" errors="0" timestamp="2025-07-17T08:25:36 IST" skipped="0">
  <testcase classname="com.WebTesting.JavascriptExecutor.S45_JavascriptExecutor_Scroll" name="testScroll" time="9.934"/>
</testsuite> <!-- com.WebTesting.JavascriptExecutor.S45_JavascriptExecutor_Scroll -->
