<?xml version="1.0" encoding="UTF-8"?>
<!-- Generated by org.testng.reporters.JUnitReportReporter -->
<testsuite hostname="Priyanka" failures="0" tests="1" name="com.WebTesting.WindowHandling.S31_MultiplewindowHandlingInterviewQuestion" time="14.092" errors="0" timestamp="2025-07-08T08:16:20 IST" skipped="0">
  <testcase classname="com.WebTesting.WindowHandling.S31_MultiplewindowHandlingInterviewQuestion" name="testMultipleWindow" time="14.092"/>
</testsuite> <!-- com.WebTesting.WindowHandling.S31_MultiplewindowHandlingInterviewQuestion -->
