<?xml version="1.0" encoding="UTF-8"?>
<!-- Generated by org.testng.reporters.JUnitReportReporter -->
<testsuite hostname="Priyanka" failures="0" tests="1" name="com.WebTesting.Webtable_DatePicker.S39_StaticTableAutomation" time="7.056" errors="0" timestamp="2025-07-14T08:31:32 IST" skipped="0">
  <testcase classname="com.WebTesting.Webtable_DatePicker.S39_StaticTableAutomation" name="testStaticTable" time="7.056"/>
</testsuite> <!-- com.WebTesting.Webtable_DatePicker.S39_StaticTableAutomation -->
