<?xml version="1.0" encoding="UTF-8"?>
<!-- Generated by org.testng.reporters.JUnitReportReporter -->
<testsuite hostname="Priyanka" failures="0" tests="1" name="com.WebTesting.WaitsInSelenium.S50_DynamicWaitUsingWebDriverWait" time="9.043" errors="0" timestamp="2025-07-22T08:33:10 IST" skipped="0">
  <testcase classname="com.WebTesting.WaitsInSelenium.S50_DynamicWaitUsingWebDriverWait" name="testWait" time="9.043"/>
</testsuite> <!-- com.WebTesting.WaitsInSelenium.S50_DynamicWaitUsingWebDriverWait -->
