<?xml version="1.0" encoding="UTF-8"?>
<!-- Generated by org.testng.reporters.JUnitReportReporter -->
<testsuite hostname="Priyanka" failures="0" tests="3" name="com.WebTesting.TestNG.ParallelTesting.ParallelTest1" time="12.497" errors="0" timestamp="2025-08-11T07:29:52 IST" skipped="0">
  <testcase classname="com.WebTesting.TestNG.ParallelTesting.ParallelTest1" name="chromeTest" time="2.591"/>
  <testcase classname="com.WebTesting.TestNG.ParallelTesting.ParallelTest1" name="EdgeTest" time="2.639"/>
  <testcase classname="com.WebTesting.TestNG.ParallelTesting.ParallelTest1" name="firefoxTest" time="7.267"/>
</testsuite> <!-- com.WebTesting.TestNG.ParallelTesting.ParallelTest1 -->
