<?xml version="1.0" encoding="UTF-8"?>
<!-- Generated by org.testng.reporters.JUnitReportReporter -->
<testsuite hostname="Priyanka" failures="0" tests="1" name="com.WebTesting.WaitsInSelenium.S49_ExplicitWaitUsingWebDriverWaitClass" time="2.831" errors="0" timestamp="2025-07-22T08:17:50 IST" skipped="0">
  <testcase classname="com.WebTesting.WaitsInSelenium.S49_ExplicitWaitUsingWebDriverWaitClass" name="testExplicitWait" time="2.831"/>
</testsuite> <!-- com.WebTesting.WaitsInSelenium.S49_ExplicitWaitUsingWebDriverWaitClass -->
