<?xml version="1.0" encoding="UTF-8"?>
<!-- Generated by org.testng.reporters.JUnitReportReporter -->
<testsuite hostname="Priyanka" failures="0" tests="1" name="com.WebTesting.Capabilities.S52_GetAppCapabilitiesforBrowser" time="22.058" errors="0" timestamp="2025-07-23T07:56:10 IST" skipped="0">
  <testcase classname="com.WebTesting.Capabilities.S52_GetAppCapabilitiesforBrowser" name="testCapabilities" time="22.058"/>
</testsuite> <!-- com.WebTesting.Capabilities.S52_GetAppCapabilitiesforBrowser -->
