<?xml version="1.0" encoding="UTF-8"?>
<!-- Generated by org.testng.reporters.JUnitReportReporter -->
<testsuite hostname="Priyanka" failures="0" tests="2" name="com.WebTesting.TestNG.TestData.TestDataReadingUsingPropertiesFile" time="2.811" errors="0" timestamp="2025-08-11T08:33:55 IST" skipped="1">
  <testcase classname="com.WebTesting.TestNG.TestData.TestDataReadingUsingPropertiesFile" name="testLoginWithUtility" time="2.811"/>
  <testcase classname="com.WebTesting.TestNG.TestData.TestDataReadingUsingPropertiesFile" name="testLoginWithoutUtility">
    <skipped/>
  </testcase> <!-- testLoginWithoutUtility -->
</testsuite> <!-- com.WebTesting.TestNG.TestData.TestDataReadingUsingPropertiesFile -->
