<?xml version="1.0" encoding="UTF-8"?>
<!-- Generated by org.testng.reporters.JUnitReportReporter -->
<testsuite hostname="Priyanka" failures="0" tests="4" name="com.WebTesting.TestNG.Annotations.ClassA" time="0.013" errors="0" timestamp="2025-08-05T07:53:12 IST" skipped="0">
  <testcase classname="com.WebTesting.TestNG.Annotations.ClassA" name="testCase2" time="0.001"/>
  <testcase classname="com.WebTesting.TestNG.Annotations.ClassA" name="testCase1" time="0.001"/>
  <testcase classname="com.WebTesting.TestNG.Annotations.ClassA" name="testCase2" time="0.001"/>
  <testcase classname="com.WebTesting.TestNG.Annotations.ClassA" name="testCase1" time="0.010"/>
</testsuite> <!-- com.WebTesting.TestNG.Annotations.ClassA -->
