<?xml version="1.0" encoding="UTF-8"?>
<!-- Generated by org.testng.reporters.JUnitReportReporter -->
<testsuite hostname="Priyanka" failures="0" tests="3" name="com.WebTesting.TestNG.PageFactoryPOM.LoginPageTest" time="3.456" errors="0" timestamp="2025-08-07T07:55:30 IST" skipped="0">
  <testcase classname="com.WebTesting.TestNG.PageFactoryPOM.LoginPageTest" name="validateUrl" time="0.016"/>
  <testcase classname="com.WebTesting.TestNG.PageFactoryPOM.LoginPageTest" name="validateTitle" time="0.012"/>
  <testcase classname="com.WebTesting.TestNG.PageFactoryPOM.LoginPageTest" name="validateLogin" time="3.428"/>
</testsuite> <!-- com.WebTesting.TestNG.PageFactoryPOM.LoginPageTest -->
