<?xml version="1.0" encoding="UTF-8"?>
<!-- Generated by org.testng.reporters.JUnitReportReporter -->
<testsuite hostname="Priyanka" failures="0" tests="5" name="com.RestApiBasics.T6_JsonPayloadWays" time="3.195" errors="0" timestamp="2025-10-13T08:20:55 IST" skipped="0">
  <testcase classname="com.RestApiBasics.T6_JsonPayloadWays" name="createPayloadUsigBasic" time="2.218"/>
  <testcase classname="com.RestApiBasics.T6_JsonPayloadWays" name="testPayloadUsingHashMap" time="0.385"/>
  <testcase classname="com.RestApiBasics.T6_JsonPayloadWays" name="testPayloadUsingPojoClass" time="0.198"/>
  <testcase classname="com.RestApiBasics.T6_JsonPayloadWays" name="testPayloadUsingJSONObject" time="0.213"/>
  <testcase classname="com.RestApiBasics.T6_JsonPayloadWays" name="testPayloadUsingJsonFile" time="0.181"/>
</testsuite> <!-- com.RestApiBasics.T6_JsonPayloadWays -->
