<?xml version="1.0" encoding="UTF-8"?>
<!-- Generated by org.testng.reporters.JUnitReportReporter -->
<testsuite hostname="Priyanka" failures="0" tests="2" name="com.WebTesting.TestNG.TestData.TestDataReadingUsingPropertiesFile" time="4.480" errors="0" timestamp="2025-08-13T07:51:05 IST" skipped="1">
  <testcase classname="com.WebTesting.TestNG.TestData.TestDataReadingUsingPropertiesFile" name="testLoginWithUtility" time="4.480"/>
  <testcase classname="com.WebTesting.TestNG.TestData.TestDataReadingUsingPropertiesFile" name="testLoginWithoutUtility">
    <skipped/>
  </testcase> <!-- testLoginWithoutUtility -->
</testsuite> <!-- com.WebTesting.TestNG.TestData.TestDataReadingUsingPropertiesFile -->
