<?xml version="1.0" encoding="UTF-8"?>
<!-- Generated by org.testng.reporters.JUnitReportReporter -->
<testsuite hostname="Priyanka" failures="0" tests="6" name="com.WebTesting.TestNG.Annotations.ClassB" time="0.006" errors="0" timestamp="2025-08-05T07:53:12 IST" skipped="0">
  <testcase classname="com.WebTesting.TestNG.Annotations.ClassB" name="testCase1" time="0.000"/>
  <testcase classname="com.WebTesting.TestNG.Annotations.ClassB" name="testCase3" time="0.002"/>
  <testcase classname="com.WebTesting.TestNG.Annotations.ClassB" name="testCase1" time="0.001"/>
  <testcase classname="com.WebTesting.TestNG.Annotations.ClassB" name="testCase2" time="0.001"/>
  <testcase classname="com.WebTesting.TestNG.Annotations.ClassB" name="testCase2" time="0.001"/>
  <testcase classname="com.WebTesting.TestNG.Annotations.ClassB" name="testCase3" time="0.001"/>
</testsuite> <!-- com.WebTesting.TestNG.Annotations.ClassB -->
