<?xml version="1.0" encoding="UTF-8"?>
<!-- Generated by org.testng.reporters.JUnitReportReporter -->
<testsuite hostname="Priyanka" failures="0" tests="3" name="com.WebTesting.TestNG.ParallelTesting.CrossBrowserTest" time="10.097" errors="0" timestamp="2025-08-11T07:51:05 IST" skipped="0">
  <testcase classname="com.WebTesting.TestNG.ParallelTesting.CrossBrowserTest" name="crossBrowserTestCase" time="2.283"/>
  <testcase classname="com.WebTesting.TestNG.ParallelTesting.CrossBrowserTest" name="crossBrowserTestCase" time="5.483"/>
  <testcase classname="com.WebTesting.TestNG.ParallelTesting.CrossBrowserTest" name="crossBrowserTestCase" time="2.331"/>
</testsuite> <!-- com.WebTesting.TestNG.ParallelTesting.CrossBrowserTest -->
