<?xml version="1.0" encoding="UTF-8"?>
<!-- Generated by org.testng.reporters.JUnitReportReporter -->
<testsuite hostname="Priyanka" failures="0" tests="6" name="com.RestApiBasics.T7_APIChaining" time="8.894" errors="0" timestamp="2025-10-14T08:24:17 IST" skipped="0">
  <testcase classname="com.RestApiBasics.T7_APIChaining" name="createNewBooking" time="3.198"/>
  <testcase classname="com.RestApiBasics.T7_APIChaining" name="getBookingDetails" time="1.163"/>
  <testcase classname="com.RestApiBasics.T7_APIChaining" name="createToken" time="1.136"/>
  <testcase classname="com.RestApiBasics.T7_APIChaining" name="fullUpdateBooking" time="1.140"/>
  <testcase classname="com.RestApiBasics.T7_APIChaining" name="partialBookingUpdate" time="1.127"/>
  <testcase classname="com.RestApiBasics.T7_APIChaining" name="deleteSameBooking" time="1.130"/>
</testsuite> <!-- com.RestApiBasics.T7_APIChaining -->
