<?xml version="1.0" encoding="UTF-8"?>
<!-- Generated by org.testng.reporters.JUnitReportReporter -->
<testsuite hostname="Priyanka" failures="0" tests="1" name="com.WebTesting.WaitsInSelenium.S47_DefaultTimeOutInSelenium" time="3.570" errors="0" timestamp="2025-07-21T08:12:58 IST" skipped="0">
  <testcase classname="com.WebTesting.WaitsInSelenium.S47_DefaultTimeOutInSelenium" name="testDefaultTimeOut" time="3.570"/>
</testsuite> <!-- com.WebTesting.WaitsInSelenium.S47_DefaultTimeOutInSelenium -->
