<?xml version="1.0" encoding="UTF-8"?>
<!-- Generated by org.testng.reporters.JUnitReportReporter -->
<testsuite hostname="Priyanka" failures="0" tests="3" name="com.WebTesting.TestNG.Basics.TestDemo2_priority" time="8.294" errors="0" timestamp="2025-07-30T07:54:33 IST" skipped="0">
  <testcase classname="com.WebTesting.TestNG.Basics.TestDemo2_priority" name="firefoxTest" time="4.021"/>
  <testcase classname="com.WebTesting.TestNG.Basics.TestDemo2_priority" name="edgeTest" time="2.582"/>
  <testcase classname="com.WebTesting.TestNG.Basics.TestDemo2_priority" name="chromeTest" time="1.691"/>
</testsuite> <!-- com.WebTesting.TestNG.Basics.TestDemo2_priority -->
