<?xml version="1.0" encoding="UTF-8"?>
<!-- Generated by org.testng.reporters.JUnitReportReporter -->
<testsuite hostname="Priyanka" failures="0" tests="3" name="com.WebTesting.TestNG.Basics.TestDemo2_priority" time="29.186" errors="0" timestamp="2025-08-04T07:54:42 IST" skipped="0">
  <testcase classname="com.WebTesting.TestNG.Basics.TestDemo2_priority" name="chromeTest" time="21.769"/>
  <testcase classname="com.WebTesting.TestNG.Basics.TestDemo2_priority" name="firefoxTest" time="4.084"/>
  <testcase classname="com.WebTesting.TestNG.Basics.TestDemo2_priority" name="edgeTest" time="3.333"/>
</testsuite> <!-- com.WebTesting.TestNG.Basics.TestDemo2_priority -->
