<?xml version="1.0" encoding="UTF-8"?>
<!-- Generated by org.testng.reporters.JUnitReportReporter -->
<testsuite hostname="Priyanka" failures="0" tests="4" name="com.SwagLab.UITest.TestCases.T2_InventoryTest" time="4.548" errors="0" timestamp="2025-08-26T08:26:41 IST" skipped="0">
  <testcase classname="com.SwagLab.UITest.TestCases.T2_InventoryTest" name="verifyProductCount" time="1.024"/>
  <testcase classname="com.SwagLab.UITest.TestCases.T2_InventoryTest" name="verifyProductDetails" time="1.133"/>
  <testcase classname="com.SwagLab.UITest.TestCases.T2_InventoryTest" name="validateAddToCart" time="1.293"/>
  <testcase classname="com.SwagLab.UITest.TestCases.T2_InventoryTest" name="verifyCartPageLaunch" time="1.098"/>
</testsuite> <!-- com.SwagLab.UITest.TestCases.T2_InventoryTest -->
