<?xml version="1.0" encoding="UTF-8"?>
<!-- Generated by org.testng.reporters.JUnitReportReporter -->
<testsuite hostname="Priyanka" failures="0" tests="3" name="com.SwagLab.UITest.TestCases.T1_LoginTest" time="4.546" errors="0" timestamp="2025-08-26T08:26:41 IST" skipped="0">
  <testcase classname="com.SwagLab.UITest.TestCases.T1_LoginTest" name="varifyUrl" time="1.024"/>
  <testcase classname="com.SwagLab.UITest.TestCases.T1_LoginTest" name="varifyTitle" time="1.017"/>
  <testcase classname="com.SwagLab.UITest.TestCases.T1_LoginTest" name="validateLoginFunctionality" time="2.505"/>
</testsuite> <!-- com.SwagLab.UITest.TestCases.T1_LoginTest -->
