<?xml version="1.0" encoding="UTF-8"?>
<!-- Generated by org.testng.reporters.JUnitReportReporter -->
<testsuite hostname="Priyanka" failures="0" tests="4" name="com.SwagLab.UITest.TestCases.T3_CartTest" time="4.754" errors="0" timestamp="2025-09-09T08:19:28 IST" skipped="0">
  <testcase classname="com.SwagLab.UITest.TestCases.T3_CartTest" name="varifyTotalProductsInCart" time="1.035"/>
  <testcase classname="com.SwagLab.UITest.TestCases.T3_CartTest" name="validateRemoveProduct" time="1.176"/>
  <testcase classname="com.SwagLab.UITest.TestCases.T3_CartTest" name="validateContinueShopping" time="1.422"/>
  <testcase classname="com.SwagLab.UITest.TestCases.T3_CartTest" name="validateContinueCheckOut" time="1.121"/>
</testsuite> <!-- com.SwagLab.UITest.TestCases.T3_CartTest -->
